/home/sd6701/miniconda3/envs/dinov2/lib/python3.10/site-packages/submitit/core/plugins.py:24: UserWarning: pkg_resources is deprecated as an API. See https://setuptools.pypa.io/en/latest/pkg_resources.html. The pkg_resources package is slated for removal as early as 2025-11-30. Refrain from using this package or pin to Setuptools<81.
  import pkg_resources
/home/sd6701/test/dinov2/dinov2/layers/swiglu_ffn.py:43: UserWarning: xFormers is available (SwiGLU)
  warnings.warn("xFormers is available (SwiGLU)")
/home/sd6701/test/dinov2/dinov2/layers/attention.py:27: UserWarning: xFormers is available (Attention)
  warnings.warn("xFormers is available (Attention)")
/home/sd6701/test/dinov2/dinov2/layers/block.py:33: UserWarning: xFormers is available (Block)
  warnings.warn("xFormers is available (Block)")
submitit ERROR (2025-11-28 18:33:43,555) - Submitted job triggered an exception
Traceback (most recent call last):
  File "/home/sd6701/miniconda3/envs/dinov2/lib/python3.10/runpy.py", line 196, in _run_module_as_main
    return _run_code(code, main_globals, None,
  File "/home/sd6701/miniconda3/envs/dinov2/lib/python3.10/runpy.py", line 86, in _run_code
    exec(code, run_globals)
  File "/home/sd6701/miniconda3/envs/dinov2/lib/python3.10/site-packages/submitit/core/_submit.py", line 11, in <module>
    submitit_main()
  File "/home/sd6701/miniconda3/envs/dinov2/lib/python3.10/site-packages/submitit/core/submission.py", line 76, in submitit_main
    process_job(args.folder)
  File "/home/sd6701/miniconda3/envs/dinov2/lib/python3.10/site-packages/submitit/core/submission.py", line 69, in process_job
    raise error
  File "/home/sd6701/miniconda3/envs/dinov2/lib/python3.10/site-packages/submitit/core/submission.py", line 55, in process_job
    result = delayed.result()
  File "/home/sd6701/miniconda3/envs/dinov2/lib/python3.10/site-packages/submitit/core/utils.py", line 137, in result
    self._result = self.function(*self.args, **self.kwargs)
  File "/home/sd6701/test/dinov2/dinov2/run/train/train.py", line 26, in __call__
    train_main(self.args)
  File "/home/sd6701/test/dinov2/dinov2/train/train.py", line 313, in main
    do_train(cfg, model, resume=not args.no_resume)
  File "/home/sd6701/test/dinov2/dinov2/train/train.py", line 290, in do_train
    periodic_checkpointer.step(iteration)
  File "/home/sd6701/miniconda3/envs/dinov2/lib/python3.10/site-packages/fvcore/common/checkpoint.py", line 428, in step
    self.checkpointer.save(
  File "/home/sd6701/test/dinov2/dinov2/fsdp/__init__.py", line 99, in save
    # Use FULL_STATE_DICT to avoid local_state_dict error with NO_SHARD
  File "/home/sd6701/miniconda3/envs/dinov2/lib/python3.10/site-packages/torch/nn/modules/module.py", line 1818, in state_dict
    module.state_dict(destination=destination, prefix=prefix + name + '.', keep_vars=keep_vars)
  File "/home/sd6701/miniconda3/envs/dinov2/lib/python3.10/site-packages/torch/nn/modules/module.py", line 1818, in state_dict
    module.state_dict(destination=destination, prefix=prefix + name + '.', keep_vars=keep_vars)
  File "/home/sd6701/miniconda3/envs/dinov2/lib/python3.10/site-packages/torch/nn/modules/module.py", line 1815, in state_dict
    self._save_to_state_dict(destination, prefix, keep_vars)
  File "/home/sd6701/miniconda3/envs/dinov2/lib/python3.10/site-packages/torch/nn/modules/module.py", line 1722, in _save_to_state_dict
    hook(self, prefix, keep_vars)
  File "/home/sd6701/miniconda3/envs/dinov2/lib/python3.10/site-packages/torch/utils/_contextlib.py", line 115, in decorate_context
    return func(*args, **kwargs)
  File "/home/sd6701/miniconda3/envs/dinov2/lib/python3.10/site-packages/torch/distributed/fsdp/_state_dict_utils.py", line 669, in _pre_state_dict_hook
    _pre_state_dict_hook_fn[fsdp_state._state_dict_type](
  File "/home/sd6701/miniconda3/envs/dinov2/lib/python3.10/site-packages/torch/distributed/fsdp/_state_dict_utils.py", line 359, in _local_pre_state_dict_hook
    raise RuntimeError(
RuntimeError: ``local_state_dict`` can only be used when parameters are flatten and sharded.
srun: error: b-31-7: task 0: Exited with exit code 1
srun: Terminating StepId=121991.0
